<?xml version="1.0" encoding="UTF-8"?>
<!-- Generated by org.testng.reporters.JUnitXMLReporter -->
<testsuite hostname="DESKTOP-HLF6SLV" ignored="0" name="Default test" tests="4" failures="0" timestamp="2020-06-11T21:19:06 EDT" time="72.112" errors="0">
  <testcase name="getUrl" time="0.089" classname="topLineAuto.project.FaceBookTest"/>
  <testcase name="checkLogo" time="10.048" classname="topLineAuto.project.FaceBookTest"/>
  <testcase name="typeDummyEmail" time="11.462" classname="topLineAuto.project.FaceBookTest"/>
  <testcase name="typeDummyEmail" time="39.302" classname="topLineAuto.project.FaceBookTest"/>
</testsuite> <!-- Default test -->
