<?xml version="1.0" encoding="UTF-8"?>
<testng-results skipped="0" failed="0" ignored="0" total="1" passed="1">
  <reporter-output>
  </reporter-output>
  <suite name="Surefire suite" duration-ms="146" started-at="2020-06-07T02:19:25 EDT" finished-at="2020-06-07T02:19:25 EDT">
    <groups>
    </groups>
    <test name="Surefire test" duration-ms="146" started-at="2020-06-07T02:19:25 EDT" finished-at="2020-06-07T02:19:25 EDT">
      <class name="topLineAuto.project.AppTest">
        <test-method status="PASS" signature="shouldAnswerWithTrue()" name="shouldAnswerWithTrue" duration-ms="16" started-at="2020-06-07T02:19:25 EDT" finished-at="2020-06-07T02:19:25 EDT">
          <reporter-output>
          </reporter-output>
        </test-method> <!-- shouldAnswerWithTrue -->
      </class> <!-- topLineAuto.project.AppTest -->
    </test> <!-- Surefire test -->
  </suite> <!-- Surefire suite -->
</testng-results>
